{"__type":"$$EventMessageWorkflow","id":"adbcb17f-cc3b-48ca-9160-451e6fdd385f","ts":"2025-08-11T13:18:45.172+03:30","eventName":"n8n.workflow.started","message":"n8n.workflow.started","payload":{"executionId":"3","workflowId":"Gz3qleZcBrbOWojJ","isManual":false,"workflowName":"My workflow"}}
{"__type":"$$EventMessageConfirm","confirm":"adbcb17f-cc3b-48ca-9160-451e6fdd385f","ts":"2025-08-11T13:18:45.173+03:30","source":{"id":"0","name":"eventBus"}}
{"__type":"$$EventMessageNode","id":"2f110dac-06fc-473e-8b7a-a24e604f085e","ts":"2025-08-11T13:18:45.175+03:30","eventName":"n8n.node.started","message":"n8n.node.started","payload":{"workflowId":"Gz3qleZcBrbOWojJ","workflowName":"My workflow","executionId":"3","nodeType":"n8n-nodes-base.set","nodeName":"Edit Fields","nodeId":"3db1a8d0-263c-4711-b55f-69b61f3e9088"}}
{"__type":"$$EventMessageConfirm","confirm":"2f110dac-06fc-473e-8b7a-a24e604f085e","ts":"2025-08-11T13:18:45.175+03:30","source":{"id":"0","name":"eventBus"}}
{"__type":"$$EventMessageNode","id":"ce4b0319-53ee-4bdd-a0a8-d679edc29f39","ts":"2025-08-11T13:18:45.186+03:30","eventName":"n8n.node.finished","message":"n8n.node.finished","payload":{"workflowId":"Gz3qleZcBrbOWojJ","workflowName":"My workflow","executionId":"3","nodeType":"n8n-nodes-base.set","nodeName":"Edit Fields","nodeId":"3db1a8d0-263c-4711-b55f-69b61f3e9088"}}
{"__type":"$$EventMessageConfirm","confirm":"ce4b0319-53ee-4bdd-a0a8-d679edc29f39","ts":"2025-08-11T13:18:45.186+03:30","source":{"id":"0","name":"eventBus"}}
{"__type":"$$EventMessageWorkflow","id":"4b6430e9-746b-4902-a2c7-8300e3f7f9f9","ts":"2025-08-11T13:18:45.191+03:30","eventName":"n8n.workflow.success","message":"n8n.workflow.success","payload":{"userId":"6a71b3c5-39bb-40f3-b251-75b60f2676cd","executionId":"3","success":true,"isManual":true,"workflowId":"Gz3qleZcBrbOWojJ","workflowName":"My workflow"}}
{"__type":"$$EventMessageConfirm","confirm":"4b6430e9-746b-4902-a2c7-8300e3f7f9f9","ts":"2025-08-11T13:18:45.191+03:30","source":{"id":"0","name":"eventBus"}}
{"__type":"$$EventMessageWorkflow","id":"d73fb311-58f5-47a9-a979-74ed2d68f4bc","ts":"2025-08-11T13:19:44.052+03:30","eventName":"n8n.workflow.started","message":"n8n.workflow.started","payload":{"executionId":"4","workflowId":"Gz3qleZcBrbOWojJ","isManual":false,"workflowName":"My workflow"}}
{"__type":"$$EventMessageConfirm","confirm":"d73fb311-58f5-47a9-a979-74ed2d68f4bc","ts":"2025-08-11T13:19:44.052+03:30","source":{"id":"0","name":"eventBus"}}
{"__type":"$$EventMessageNode","id":"f743d894-756b-4d0f-95d2-c5f35744416d","ts":"2025-08-11T13:19:44.052+03:30","eventName":"n8n.node.started","message":"n8n.node.started","payload":{"workflowId":"Gz3qleZcBrbOWojJ","workflowName":"My workflow","executionId":"4","nodeType":"n8n-nodes-base.manualTrigger","nodeName":"When clicking ‘Execute workflow’","nodeId":"e2cfc18f-27f2-462c-9279-eacd49533801"}}
{"__type":"$$EventMessageConfirm","confirm":"f743d894-756b-4d0f-95d2-c5f35744416d","ts":"2025-08-11T13:19:44.052+03:30","source":{"id":"0","name":"eventBus"}}
{"__type":"$$EventMessageNode","id":"296c5b0b-9a1c-45ed-a584-a67429856461","ts":"2025-08-11T13:19:44.055+03:30","eventName":"n8n.node.finished","message":"n8n.node.finished","payload":{"workflowId":"Gz3qleZcBrbOWojJ","workflowName":"My workflow","executionId":"4","nodeType":"n8n-nodes-base.manualTrigger","nodeName":"When clicking ‘Execute workflow’","nodeId":"e2cfc18f-27f2-462c-9279-eacd49533801"}}
{"__type":"$$EventMessageConfirm","confirm":"296c5b0b-9a1c-45ed-a584-a67429856461","ts":"2025-08-11T13:19:44.056+03:30","source":{"id":"0","name":"eventBus"}}
{"__type":"$$EventMessageNode","id":"a14d789a-8b2e-41fc-8873-056be0636743","ts":"2025-08-11T13:19:44.056+03:30","eventName":"n8n.node.started","message":"n8n.node.started","payload":{"workflowId":"Gz3qleZcBrbOWojJ","workflowName":"My workflow","executionId":"4","nodeType":"n8n-nodes-base.set","nodeName":"Edit Fields","nodeId":"3db1a8d0-263c-4711-b55f-69b61f3e9088"}}
{"__type":"$$EventMessageConfirm","confirm":"a14d789a-8b2e-41fc-8873-056be0636743","ts":"2025-08-11T13:19:44.056+03:30","source":{"id":"0","name":"eventBus"}}
{"__type":"$$EventMessageNode","id":"bcd28692-2a95-4259-935c-da478fe5d70f","ts":"2025-08-11T13:19:44.058+03:30","eventName":"n8n.node.finished","message":"n8n.node.finished","payload":{"workflowId":"Gz3qleZcBrbOWojJ","workflowName":"My workflow","executionId":"4","nodeType":"n8n-nodes-base.set","nodeName":"Edit Fields","nodeId":"3db1a8d0-263c-4711-b55f-69b61f3e9088"}}
{"__type":"$$EventMessageConfirm","confirm":"bcd28692-2a95-4259-935c-da478fe5d70f","ts":"2025-08-11T13:19:44.058+03:30","source":{"id":"0","name":"eventBus"}}
{"__type":"$$EventMessageNode","id":"bf57ac3f-16c5-4c66-a9c1-8d460d247863","ts":"2025-08-11T13:19:44.059+03:30","eventName":"n8n.node.started","message":"n8n.node.started","payload":{"workflowId":"Gz3qleZcBrbOWojJ","workflowName":"My workflow","executionId":"4","nodeType":"CUSTOM.ucheckNode","nodeName":"Ucheck API","nodeId":"52ace1fd-9bd8-4c5d-9465-23c6caa208a6"}}
{"__type":"$$EventMessageConfirm","confirm":"bf57ac3f-16c5-4c66-a9c1-8d460d247863","ts":"2025-08-11T13:19:44.059+03:30","source":{"id":"0","name":"eventBus"}}
{"__type":"$$EventMessageNode","id":"37dc5815-87d3-4105-a320-ad5045f4aa59","ts":"2025-08-11T05:49:44.405-04:00","eventName":"n8n.node.finished","message":"n8n.node.finished","payload":{"workflowId":"Gz3qleZcBrbOWojJ","workflowName":"My workflow","executionId":"4","nodeType":"CUSTOM.ucheckNode","nodeName":"Ucheck API","nodeId":"52ace1fd-9bd8-4c5d-9465-23c6caa208a6"}}
{"__type":"$$EventMessageConfirm","confirm":"37dc5815-87d3-4105-a320-ad5045f4aa59","ts":"2025-08-11T05:49:44.405-04:00","source":{"id":"0","name":"eventBus"}}
{"__type":"$$EventMessageWorkflow","id":"cfed7b57-36a6-4762-be9e-9cdf1435c96e","ts":"2025-08-11T05:49:44.408-04:00","eventName":"n8n.workflow.success","message":"n8n.workflow.success","payload":{"userId":"6a71b3c5-39bb-40f3-b251-75b60f2676cd","executionId":"4","success":true,"isManual":true,"workflowId":"Gz3qleZcBrbOWojJ","workflowName":"My workflow"}}
{"__type":"$$EventMessageConfirm","confirm":"cfed7b57-36a6-4762-be9e-9cdf1435c96e","ts":"2025-08-11T05:49:44.408-04:00","source":{"id":"0","name":"eventBus"}}
